<?xml version="1.0" encoding="UTF-8"?>
<!-- Generated by org.testng.reporters.JUnitReportReporter -->
<testsuite hostname="Balaji" failures="0" tests="4" name="com.paynet.test.LoginTest" time="72.387" errors="0" timestamp="2022-03-24T10:19:17 IST" skipped="0">
  <testcase classname="com.paynet.test.LoginTest" name="validCredentialTest" time="17.271"/>
  <system-out/>
  <testcase classname="com.paynet.test.LoginTest" name="validCredentialTest" time="15.055"/>
  <system-out/>
  <testcase classname="com.paynet.test.LoginTest" name="validCredentialTest" time="22.141"/>
  <system-out/>
  <testcase classname="com.paynet.test.LoginTest" name="validCredentialTest" time="17.920"/>
  <system-out/>
</testsuite> <!-- com.paynet.test.LoginTest -->
