<?xml version="1.0" encoding="UTF-8"?>
<!-- Generated by org.testng.reporters.JUnitReportReporter -->
<testsuite hostname="Balaji" failures="0" tests="2" name="com.paynet.test.DemoTest" time="0.011" errors="0" timestamp="2022-03-24T14:03:58 IST" skipped="0">
  <testcase classname="com.paynet.test.DemoTest" name="validTest" time="0.002"/>
  <system-out/>
  <testcase classname="com.paynet.test.DemoTest" name="validTest" time="0.009"/>
  <system-out/>
</testsuite> <!-- com.paynet.test.DemoTest -->
