<?xml version="1.0" encoding="UTF-8"?>
<!-- Generated by org.testng.reporters.JUnitReportReporter -->
<testsuite hostname="Balaji" failures="0" tests="2" name="com.paynet.test.DemoTest" time="17.478" errors="0" timestamp="2022-03-24T07:09:25 IST" skipped="0">
  <testcase classname="com.paynet.test.DemoTest" name="validTest" time="3.600"/>
  <system-out/>
  <testcase classname="com.paynet.test.DemoTest" name="validTest" time="13.878"/>
  <system-out/>
</testsuite> <!-- com.paynet.test.DemoTest -->
