<?xml version="1.0" encoding="UTF-8"?>
<!-- Generated by org.testng.reporters.JUnitReportReporter -->
<testsuite hostname="Balaji" failures="0" tests="2" name="com.paynet.test.SocialMediaTest" time="19.296" errors="0" timestamp="2022-03-23T14:33:57 IST" skipped="0">
  <testcase classname="com.paynet.test.SocialMediaTest" name="validateLinkedinLinkTest" time="9.181"/>
  <system-out/>
  <testcase classname="com.paynet.test.SocialMediaTest" name="validateFacebookLinkTest" time="10.115"/>
  <system-out/>
</testsuite> <!-- com.paynet.test.SocialMediaTest -->
